{"/Users/blakeingenthron/Sites/crown-clothing/client/src/components/cart-dropdown/cart-dropdown.component.js": {"path":"/Users/blakeingenthron/Sites/crown-clothing/client/src/components/cart-dropdown/cart-dropdown.component.js","statementMap":{"0":{"start":{"line":17,"column":28},"end":{"line":37,"column":1}},"1":{"start":{"line":18,"column":2},"end":{"line":36,"column":26}},"2":{"start":{"line":22,"column":10},"end":{"line":22,"column":56}},"3":{"start":{"line":30,"column":8},"end":{"line":30,"column":34}},"4":{"start":{"line":31,"column":8},"end":{"line":31,"column":37}},"5":{"start":{"line":39,"column":24},"end":{"line":41,"column":2}}},"fnMap":{"0":{"name":"(anonymous_0)","decl":{"start":{"line":17,"column":28},"end":{"line":17,"column":29}},"loc":{"start":{"line":18,"column":2},"end":{"line":36,"column":26}},"line":18},"1":{"name":"(anonymous_1)","decl":{"start":{"line":21,"column":22},"end":{"line":21,"column":23}},"loc":{"start":{"line":22,"column":10},"end":{"line":22,"column":56}},"line":22},"2":{"name":"(anonymous_2)","decl":{"start":{"line":29,"column":15},"end":{"line":29,"column":16}},"loc":{"start":{"line":29,"column":21},"end":{"line":32,"column":7}},"line":29}},"branchMap":{"0":{"loc":{"start":{"line":20,"column":7},"end":{"line":26,"column":7}},"type":"cond-expr","locations":[{"start":{"line":21,"column":8},"end":{"line":23,"column":10}},{"start":{"line":25,"column":8},"end":{"line":25,"column":73}}],"line":20}},"s":{"0":2,"1":5,"2":12,"3":1,"4":1,"5":2},"f":{"0":5,"1":12,"2":1},"b":{"0":[4,1]},"_coverageSchema":"43e27e138ebf9cfc5966b082cf9a028302ed4184","hash":"92cca66b3767ce52167da9c3eb337130cb6e2481"}
,"/Users/blakeingenthron/Sites/crown-clothing/client/src/components/cart-dropdown/cart-dropdown.styles.js": {"path":"/Users/blakeingenthron/Sites/crown-clothing/client/src/components/cart-dropdown/cart-dropdown.styles.js","statementMap":{"0":{"start":{"line":4,"column":37},"end":{"line":16,"column":1}},"1":{"start":{"line":18,"column":34},"end":{"line":20,"column":1}},"2":{"start":{"line":22,"column":0},"end":{"line":22,"column":54}},"3":{"start":{"line":24,"column":37},"end":{"line":27,"column":1}},"4":{"start":{"line":29,"column":0},"end":{"line":29,"column":60}},"5":{"start":{"line":31,"column":34},"end":{"line":36,"column":1}}},"fnMap":{},"branchMap":{},"s":{"0":2,"1":2,"2":2,"3":2,"4":2,"5":2},"f":{},"b":{},"_coverageSchema":"43e27e138ebf9cfc5966b082cf9a028302ed4184","hash":"675550d23c2d334197813e8501ae4c682eb22358"}
,"/Users/blakeingenthron/Sites/crown-clothing/client/src/components/cart-icon/cart-icon.component.js": {"path":"/Users/blakeingenthron/Sites/crown-clothing/client/src/components/cart-icon/cart-icon.component.js","statementMap":{"0":{"start":{"line":14,"column":24},"end":{"line":19,"column":1}},"1":{"start":{"line":15,"column":2},"end":{"line":18,"column":18}},"2":{"start":{"line":21,"column":27},"end":{"line":23,"column":2}},"3":{"start":{"line":21,"column":40},"end":{"line":23,"column":1}},"4":{"start":{"line":22,"column":26},"end":{"line":22,"column":54}},"5":{"start":{"line":25,"column":24},"end":{"line":27,"column":2}}},"fnMap":{"0":{"name":"(anonymous_0)","decl":{"start":{"line":14,"column":24},"end":{"line":14,"column":25}},"loc":{"start":{"line":15,"column":2},"end":{"line":18,"column":18}},"line":15},"1":{"name":"(anonymous_1)","decl":{"start":{"line":21,"column":27},"end":{"line":21,"column":28}},"loc":{"start":{"line":21,"column":40},"end":{"line":23,"column":1}},"line":21},"2":{"name":"(anonymous_2)","decl":{"start":{"line":22,"column":20},"end":{"line":22,"column":21}},"loc":{"start":{"line":22,"column":26},"end":{"line":22,"column":54}},"line":22}},"branchMap":{},"s":{"0":2,"1":3,"2":2,"3":0,"4":0,"5":2},"f":{"0":3,"1":0,"2":0},"b":{},"_coverageSchema":"43e27e138ebf9cfc5966b082cf9a028302ed4184","hash":"a50c1b9a2fbbc9211ca18c492bf2f5716b2b31b5"}
,"/Users/blakeingenthron/Sites/crown-clothing/client/src/components/cart-icon/cart-icon.styles.js": {"path":"/Users/blakeingenthron/Sites/crown-clothing/client/src/components/cart-icon/cart-icon.styles.js","statementMap":{"0":{"start":{"line":5,"column":29},"end":{"line":13,"column":1}},"1":{"start":{"line":15,"column":0},"end":{"line":15,"column":44}},"2":{"start":{"line":17,"column":28},"end":{"line":20,"column":1}},"3":{"start":{"line":22,"column":34},"end":{"line":27,"column":1}},"4":{"start":{"line":29,"column":0},"end":{"line":29,"column":54}}},"fnMap":{},"branchMap":{},"s":{"0":2,"1":2,"2":2,"3":2,"4":2},"f":{},"b":{},"_coverageSchema":"43e27e138ebf9cfc5966b082cf9a028302ed4184","hash":"799f45b38e9ca35ebb98ac7e8932d10916b1f2e6"}
,"/Users/blakeingenthron/Sites/crown-clothing/client/src/components/checkout-item/checkout-item.component.js": {"path":"/Users/blakeingenthron/Sites/crown-clothing/client/src/components/checkout-item/checkout-item.component.js","statementMap":{"0":{"start":{"line":18,"column":28},"end":{"line":37,"column":1}},"1":{"start":{"line":19,"column":46},"end":{"line":19,"column":54}},"2":{"start":{"line":20,"column":2},"end":{"line":36,"column":4}},"3":{"start":{"line":27,"column":28},"end":{"line":27,"column":48}},"4":{"start":{"line":29,"column":28},"end":{"line":29,"column":45}},"5":{"start":{"line":32,"column":44},"end":{"line":32,"column":63}},"6":{"start":{"line":39,"column":27},"end":{"line":43,"column":2}},"7":{"start":{"line":39,"column":40},"end":{"line":43,"column":1}},"8":{"start":{"line":40,"column":21},"end":{"line":40,"column":54}},"9":{"start":{"line":41,"column":19},"end":{"line":41,"column":42}},"10":{"start":{"line":42,"column":22},"end":{"line":42,"column":48}}},"fnMap":{"0":{"name":"(anonymous_0)","decl":{"start":{"line":18,"column":28},"end":{"line":18,"column":29}},"loc":{"start":{"line":18,"column":78},"end":{"line":37,"column":1}},"line":18},"1":{"name":"(anonymous_1)","decl":{"start":{"line":27,"column":22},"end":{"line":27,"column":23}},"loc":{"start":{"line":27,"column":28},"end":{"line":27,"column":48}},"line":27},"2":{"name":"(anonymous_2)","decl":{"start":{"line":29,"column":22},"end":{"line":29,"column":23}},"loc":{"start":{"line":29,"column":28},"end":{"line":29,"column":45}},"line":29},"3":{"name":"(anonymous_3)","decl":{"start":{"line":32,"column":38},"end":{"line":32,"column":39}},"loc":{"start":{"line":32,"column":44},"end":{"line":32,"column":63}},"line":32},"4":{"name":"(anonymous_4)","decl":{"start":{"line":39,"column":27},"end":{"line":39,"column":28}},"loc":{"start":{"line":39,"column":40},"end":{"line":43,"column":1}},"line":39},"5":{"name":"(anonymous_5)","decl":{"start":{"line":40,"column":13},"end":{"line":40,"column":14}},"loc":{"start":{"line":40,"column":21},"end":{"line":40,"column":54}},"line":40},"6":{"name":"(anonymous_6)","decl":{"start":{"line":41,"column":11},"end":{"line":41,"column":12}},"loc":{"start":{"line":41,"column":19},"end":{"line":41,"column":42}},"line":41},"7":{"name":"(anonymous_7)","decl":{"start":{"line":42,"column":14},"end":{"line":42,"column":15}},"loc":{"start":{"line":42,"column":22},"end":{"line":42,"column":48}},"line":42}},"branchMap":{},"s":{"0":2,"1":4,"2":4,"3":1,"4":1,"5":1,"6":2,"7":0,"8":0,"9":0,"10":0},"f":{"0":4,"1":1,"2":1,"3":1,"4":0,"5":0,"6":0,"7":0},"b":{},"_coverageSchema":"43e27e138ebf9cfc5966b082cf9a028302ed4184","hash":"7bb09ac260cca3ac660404be3e9a3f360d25cc15"}
,"/Users/blakeingenthron/Sites/crown-clothing/client/src/components/checkout-item/checkout-item.styles.js": {"path":"/Users/blakeingenthron/Sites/crown-clothing/client/src/components/checkout-item/checkout-item.styles.js","statementMap":{"0":{"start":{"line":3,"column":37},"end":{"line":14,"column":1}},"1":{"start":{"line":16,"column":30},"end":{"line":23,"column":1}},"2":{"start":{"line":25,"column":29},"end":{"line":30,"column":1}},"3":{"start":{"line":32,"column":33},"end":{"line":40,"column":1}},"4":{"start":{"line":42,"column":0},"end":{"line":42,"column":52}},"5":{"start":{"line":44,"column":37},"end":{"line":47,"column":1}},"6":{"start":{"line":49,"column":0},"end":{"line":49,"column":60}}},"fnMap":{},"branchMap":{},"s":{"0":2,"1":2,"2":2,"3":2,"4":2,"5":2,"6":2},"f":{},"b":{},"_coverageSchema":"43e27e138ebf9cfc5966b082cf9a028302ed4184","hash":"45b47cb3fb002a6ab2fe5d6312b38c16c4730095"}
,"/Users/blakeingenthron/Sites/crown-clothing/client/src/components/collection-item/collection-item.component.js": {"path":"/Users/blakeingenthron/Sites/crown-clothing/client/src/components/collection-item/collection-item.component.js","statementMap":{"0":{"start":{"line":15,"column":30},"end":{"line":30,"column":1}},"1":{"start":{"line":16,"column":36},"end":{"line":16,"column":40}},"2":{"start":{"line":18,"column":2},"end":{"line":29,"column":4}},"3":{"start":{"line":25,"column":32},"end":{"line":25,"column":45}},"4":{"start":{"line":32,"column":27},"end":{"line":34,"column":2}},"5":{"start":{"line":32,"column":40},"end":{"line":34,"column":1}},"6":{"start":{"line":33,"column":19},"end":{"line":33,"column":42}}},"fnMap":{"0":{"name":"(anonymous_0)","decl":{"start":{"line":15,"column":30},"end":{"line":15,"column":31}},"loc":{"start":{"line":15,"column":53},"end":{"line":30,"column":1}},"line":15},"1":{"name":"(anonymous_1)","decl":{"start":{"line":25,"column":26},"end":{"line":25,"column":27}},"loc":{"start":{"line":25,"column":32},"end":{"line":25,"column":45}},"line":25},"2":{"name":"(anonymous_2)","decl":{"start":{"line":32,"column":27},"end":{"line":32,"column":28}},"loc":{"start":{"line":32,"column":40},"end":{"line":34,"column":1}},"line":32},"3":{"name":"(anonymous_3)","decl":{"start":{"line":33,"column":11},"end":{"line":33,"column":12}},"loc":{"start":{"line":33,"column":19},"end":{"line":33,"column":42}},"line":33}},"branchMap":{},"s":{"0":5,"1":5,"2":5,"3":1,"4":5,"5":0,"6":0},"f":{"0":5,"1":1,"2":0,"3":0},"b":{},"_coverageSchema":"43e27e138ebf9cfc5966b082cf9a028302ed4184","hash":"e81a6fe790be61beff50c104769b39764b4b9694"}
,"/Users/blakeingenthron/Sites/crown-clothing/client/src/components/collection-item/collection-item.styles.js": {"path":"/Users/blakeingenthron/Sites/crown-clothing/client/src/components/collection-item/collection-item.styles.js","statementMap":{"0":{"start":{"line":4,"column":39},"end":{"line":31,"column":1}},"1":{"start":{"line":33,"column":25},"end":{"line":45,"column":1}},"2":{"start":{"line":47,"column":0},"end":{"line":47,"column":36}},"3":{"start":{"line":49,"column":31},"end":{"line":56,"column":1}},"4":{"start":{"line":55,"column":40},"end":{"line":55,"column":58}},"5":{"start":{"line":58,"column":0},"end":{"line":58,"column":48}},"6":{"start":{"line":60,"column":41},"end":{"line":66,"column":1}},"7":{"start":{"line":68,"column":0},"end":{"line":68,"column":68}},"8":{"start":{"line":70,"column":29},"end":{"line":73,"column":1}},"9":{"start":{"line":75,"column":0},"end":{"line":75,"column":44}},"10":{"start":{"line":77,"column":30},"end":{"line":80,"column":1}},"11":{"start":{"line":82,"column":0},"end":{"line":82,"column":46}}},"fnMap":{"0":{"name":"(anonymous_0)","decl":{"start":{"line":55,"column":22},"end":{"line":55,"column":23}},"loc":{"start":{"line":55,"column":40},"end":{"line":55,"column":58}},"line":55}},"branchMap":{},"s":{"0":5,"1":5,"2":5,"3":5,"4":0,"5":5,"6":5,"7":5,"8":5,"9":5,"10":5,"11":5},"f":{"0":0},"b":{},"_coverageSchema":"43e27e138ebf9cfc5966b082cf9a028302ed4184","hash":"4ab392dd10207829785c38b00759fc6ae78f90b8"}
,"/Users/blakeingenthron/Sites/crown-clothing/client/src/components/collection-preview/collection-preview.component.js": {"path":"/Users/blakeingenthron/Sites/crown-clothing/client/src/components/collection-preview/collection-preview.component.js","statementMap":{"0":{"start":{"line":12,"column":33},"end":{"line":31,"column":1}},"1":{"start":{"line":19,"column":2},"end":{"line":30,"column":31}},"2":{"start":{"line":20,"column":35},"end":{"line":20,"column":77}},"3":{"start":{"line":25,"column":31},"end":{"line":25,"column":38}},"4":{"start":{"line":27,"column":10},"end":{"line":27,"column":54}}},"fnMap":{"0":{"name":"(anonymous_0)","decl":{"start":{"line":12,"column":33},"end":{"line":12,"column":34}},"loc":{"start":{"line":19,"column":2},"end":{"line":30,"column":31}},"line":19},"1":{"name":"(anonymous_1)","decl":{"start":{"line":20,"column":29},"end":{"line":20,"column":30}},"loc":{"start":{"line":20,"column":35},"end":{"line":20,"column":77}},"line":20},"2":{"name":"(anonymous_2)","decl":{"start":{"line":25,"column":16},"end":{"line":25,"column":17}},"loc":{"start":{"line":25,"column":31},"end":{"line":25,"column":38}},"line":25},"3":{"name":"(anonymous_3)","decl":{"start":{"line":26,"column":13},"end":{"line":26,"column":14}},"loc":{"start":{"line":27,"column":10},"end":{"line":27,"column":54}},"line":27}},"branchMap":{},"s":{"0":3,"1":2,"2":1,"3":0,"4":0},"f":{"0":2,"1":1,"2":0,"3":0},"b":{},"_coverageSchema":"43e27e138ebf9cfc5966b082cf9a028302ed4184","hash":"4d252b2cab300ee50925111d04470086afc465b9"}
,"/Users/blakeingenthron/Sites/crown-clothing/client/src/components/collection-preview/collection-preview.styles.js": {"path":"/Users/blakeingenthron/Sites/crown-clothing/client/src/components/collection-preview/collection-preview.styles.js","statementMap":{"0":{"start":{"line":3,"column":42},"end":{"line":10,"column":1}},"1":{"start":{"line":12,"column":30},"end":{"line":19,"column":1}},"2":{"start":{"line":21,"column":0},"end":{"line":21,"column":46}},"3":{"start":{"line":23,"column":32},"end":{"line":31,"column":1}}},"fnMap":{},"branchMap":{},"s":{"0":3,"1":3,"2":3,"3":3},"f":{},"b":{},"_coverageSchema":"43e27e138ebf9cfc5966b082cf9a028302ed4184","hash":"54ee8908e56a6241bcbb5478d3e9fce77a48781a"}
,"/Users/blakeingenthron/Sites/crown-clothing/client/src/components/collections-overview/collections-overview.component.js": {"path":"/Users/blakeingenthron/Sites/crown-clothing/client/src/components/collections-overview/collections-overview.component.js","statementMap":{"0":{"start":{"line":10,"column":35},"end":{"line":16,"column":1}},"1":{"start":{"line":11,"column":2},"end":{"line":15,"column":33}},"2":{"start":{"line":13,"column":6},"end":{"line":13,"column":62}},"3":{"start":{"line":18,"column":24},"end":{"line":20,"column":2}}},"fnMap":{"0":{"name":"(anonymous_0)","decl":{"start":{"line":10,"column":35},"end":{"line":10,"column":36}},"loc":{"start":{"line":11,"column":2},"end":{"line":15,"column":33}},"line":11},"1":{"name":"(anonymous_1)","decl":{"start":{"line":12,"column":21},"end":{"line":12,"column":22}},"loc":{"start":{"line":13,"column":6},"end":{"line":13,"column":62}},"line":13}},"branchMap":{},"s":{"0":2,"1":1,"2":0,"3":2},"f":{"0":1,"1":0},"b":{},"_coverageSchema":"43e27e138ebf9cfc5966b082cf9a028302ed4184","hash":"f90ee98cc62d2c7c30908c1e3b6017b0c72ad335"}
,"/Users/blakeingenthron/Sites/crown-clothing/client/src/components/custom-button/custom-button.component.js": {"path":"/Users/blakeingenthron/Sites/crown-clothing/client/src/components/custom-button/custom-button.component.js","statementMap":{"0":{"start":{"line":5,"column":28},"end":{"line":7,"column":1}},"1":{"start":{"line":6,"column":2},"end":{"line":6,"column":70}}},"fnMap":{"0":{"name":"(anonymous_0)","decl":{"start":{"line":5,"column":28},"end":{"line":5,"column":29}},"loc":{"start":{"line":6,"column":2},"end":{"line":6,"column":70}},"line":6}},"branchMap":{},"s":{"0":9,"1":1},"f":{"0":1},"b":{},"_coverageSchema":"43e27e138ebf9cfc5966b082cf9a028302ed4184","hash":"bd3a07e3bba3cb53c183cf4b9a25344f1a12754b"}
,"/Users/blakeingenthron/Sites/crown-clothing/client/src/components/directory/directory.component.js": {"path":"/Users/blakeingenthron/Sites/crown-clothing/client/src/components/directory/directory.component.js","statementMap":{"0":{"start":{"line":11,"column":25},"end":{"line":17,"column":1}},"1":{"start":{"line":12,"column":2},"end":{"line":16,"column":27}},"2":{"start":{"line":14,"column":6},"end":{"line":14,"column":50}},"3":{"start":{"line":19,"column":24},"end":{"line":21,"column":2}}},"fnMap":{"0":{"name":"(anonymous_0)","decl":{"start":{"line":11,"column":25},"end":{"line":11,"column":26}},"loc":{"start":{"line":12,"column":2},"end":{"line":16,"column":27}},"line":12},"1":{"name":"(anonymous_1)","decl":{"start":{"line":13,"column":18},"end":{"line":13,"column":19}},"loc":{"start":{"line":14,"column":6},"end":{"line":14,"column":50}},"line":14}},"branchMap":{},"s":{"0":2,"1":1,"2":0,"3":2},"f":{"0":1,"1":0},"b":{},"_coverageSchema":"43e27e138ebf9cfc5966b082cf9a028302ed4184","hash":"3828073d05a5268463495201172821259019b13d"}
,"/Users/blakeingenthron/Sites/crown-clothing/client/src/components/form-input/form-input.styles.js": {"path":"/Users/blakeingenthron/Sites/crown-clothing/client/src/components/form-input/form-input.styles.js","statementMap":{"0":{"start":{"line":3,"column":17},"end":{"line":3,"column":23}},"1":{"start":{"line":4,"column":18},"end":{"line":4,"column":25}},"2":{"start":{"line":6,"column":26},"end":{"line":10,"column":1}},"3":{"start":{"line":12,"column":30},"end":{"line":18,"column":1}},"4":{"start":{"line":20,"column":34},"end":{"line":38,"column":1}},"5":{"start":{"line":40,"column":0},"end":{"line":40,"column":54}},"6":{"start":{"line":42,"column":30},"end":{"line":54,"column":1}},"7":{"start":{"line":56,"column":0},"end":{"line":56,"column":46}}},"fnMap":{},"branchMap":{},"s":{"0":2,"1":2,"2":2,"3":2,"4":2,"5":2,"6":2,"7":2},"f":{},"b":{},"_coverageSchema":"43e27e138ebf9cfc5966b082cf9a028302ed4184","hash":"8ac31debe541fbe3f3263b0f285e787d95250a5e"}
,"/Users/blakeingenthron/Sites/crown-clothing/client/src/components/header/header.component.js": {"path":"/Users/blakeingenthron/Sites/crown-clothing/client/src/components/header/header.component.js","statementMap":{"0":{"start":{"line":20,"column":22},"end":{"line":39,"column":1}},"1":{"start":{"line":21,"column":2},"end":{"line":38,"column":20}},"2":{"start":{"line":41,"column":24},"end":{"line":44,"column":2}},"3":{"start":{"line":46,"column":27},"end":{"line":48,"column":2}},"4":{"start":{"line":46,"column":40},"end":{"line":48,"column":1}},"5":{"start":{"line":47,"column":22},"end":{"line":47,"column":46}}},"fnMap":{"0":{"name":"(anonymous_0)","decl":{"start":{"line":20,"column":22},"end":{"line":20,"column":23}},"loc":{"start":{"line":21,"column":2},"end":{"line":38,"column":20}},"line":21},"1":{"name":"(anonymous_1)","decl":{"start":{"line":46,"column":27},"end":{"line":46,"column":28}},"loc":{"start":{"line":46,"column":40},"end":{"line":48,"column":1}},"line":46},"2":{"name":"(anonymous_2)","decl":{"start":{"line":47,"column":16},"end":{"line":47,"column":17}},"loc":{"start":{"line":47,"column":22},"end":{"line":47,"column":46}},"line":47}},"branchMap":{"0":{"loc":{"start":{"line":28,"column":7},"end":{"line":34,"column":7}},"type":"cond-expr","locations":[{"start":{"line":29,"column":8},"end":{"line":31,"column":21}},{"start":{"line":33,"column":8},"end":{"line":33,"column":53}}],"line":28},"1":{"loc":{"start":{"line":37,"column":5},"end":{"line":37,"column":37}},"type":"cond-expr","locations":[{"start":{"line":37,"column":14},"end":{"line":37,"column":18}},{"start":{"line":37,"column":21},"end":{"line":37,"column":37}}],"line":37}},"s":{"0":1,"1":8,"2":1,"3":1,"4":0,"5":0},"f":{"0":8,"1":0,"2":0},"b":{"0":[6,2],"1":[7,1]},"_coverageSchema":"43e27e138ebf9cfc5966b082cf9a028302ed4184","hash":"6f3a48cda599f2689e28acda9b8c4d58f22c5d48"}
,"/Users/blakeingenthron/Sites/crown-clothing/client/src/components/header/header.styles.js": {"path":"/Users/blakeingenthron/Sites/crown-clothing/client/src/components/header/header.styles.js","statementMap":{"0":{"start":{"line":4,"column":31},"end":{"line":15,"column":1}},"1":{"start":{"line":17,"column":29},"end":{"line":25,"column":1}},"2":{"start":{"line":27,"column":32},"end":{"line":36,"column":1}},"3":{"start":{"line":38,"column":26},"end":{"line":41,"column":1}},"4":{"start":{"line":43,"column":0},"end":{"line":43,"column":38}}},"fnMap":{},"branchMap":{},"s":{"0":1,"1":1,"2":1,"3":1,"4":1},"f":{},"b":{},"_coverageSchema":"43e27e138ebf9cfc5966b082cf9a028302ed4184","hash":"72e4d91ff04573c8a53a853a52db82ed277ae0c6"}
,"/Users/blakeingenthron/Sites/crown-clothing/client/src/components/menu-item/menu-item.component.js": {"path":"/Users/blakeingenthron/Sites/crown-clothing/client/src/components/menu-item/menu-item.component.js","statementMap":{"0":{"start":{"line":12,"column":24},"end":{"line":33,"column":1}},"1":{"start":{"line":20,"column":2},"end":{"line":32,"column":22}},"2":{"start":{"line":22,"column":19},"end":{"line":22,"column":57}}},"fnMap":{"0":{"name":"(anonymous_0)","decl":{"start":{"line":12,"column":24},"end":{"line":12,"column":25}},"loc":{"start":{"line":20,"column":2},"end":{"line":32,"column":22}},"line":20},"1":{"name":"(anonymous_1)","decl":{"start":{"line":22,"column":13},"end":{"line":22,"column":14}},"loc":{"start":{"line":22,"column":19},"end":{"line":22,"column":57}},"line":22}},"branchMap":{},"s":{"0":3,"1":4,"2":1},"f":{"0":4,"1":1},"b":{},"_coverageSchema":"43e27e138ebf9cfc5966b082cf9a028302ed4184","hash":"6c6eab80d847f62594bdef09ecc8918fac1e9569"}
,"/Users/blakeingenthron/Sites/crown-clothing/client/src/components/menu-item/menu-item.styles.js": {"path":"/Users/blakeingenthron/Sites/crown-clothing/client/src/components/menu-item/menu-item.styles.js","statementMap":{"0":{"start":{"line":3,"column":33},"end":{"line":33,"column":1}},"1":{"start":{"line":4,"column":26},"end":{"line":4,"column":50}},"2":{"start":{"line":35,"column":0},"end":{"line":35,"column":52}},"3":{"start":{"line":37,"column":40},"end":{"line":43,"column":1}},"4":{"start":{"line":42,"column":40},"end":{"line":42,"column":58}},"5":{"start":{"line":45,"column":0},"end":{"line":45,"column":66}},"6":{"start":{"line":47,"column":32},"end":{"line":58,"column":1}},"7":{"start":{"line":60,"column":28},"end":{"line":65,"column":1}},"8":{"start":{"line":67,"column":31},"end":{"line":70,"column":1}}},"fnMap":{"0":{"name":"(anonymous_0)","decl":{"start":{"line":4,"column":11},"end":{"line":4,"column":12}},"loc":{"start":{"line":4,"column":26},"end":{"line":4,"column":50}},"line":4},"1":{"name":"(anonymous_1)","decl":{"start":{"line":42,"column":22},"end":{"line":42,"column":23}},"loc":{"start":{"line":42,"column":40},"end":{"line":42,"column":58}},"line":42}},"branchMap":{"0":{"loc":{"start":{"line":4,"column":26},"end":{"line":4,"column":50}},"type":"cond-expr","locations":[{"start":{"line":4,"column":33},"end":{"line":4,"column":40}},{"start":{"line":4,"column":43},"end":{"line":4,"column":50}}],"line":4}},"s":{"0":3,"1":0,"2":3,"3":3,"4":0,"5":3,"6":3,"7":3,"8":3},"f":{"0":0,"1":0},"b":{"0":[0,0]},"_coverageSchema":"43e27e138ebf9cfc5966b082cf9a028302ed4184","hash":"be74683557ffbdfe17880815ad54e0edc5f9591f"}
,"/Users/blakeingenthron/Sites/crown-clothing/client/src/pages/checkout/checkout.component.js": {"path":"/Users/blakeingenthron/Sites/crown-clothing/client/src/pages/checkout/checkout.component.js","statementMap":{"0":{"start":{"line":21,"column":28},"end":{"line":51,"column":1}},"1":{"start":{"line":22,"column":2},"end":{"line":50,"column":26}},"2":{"start":{"line":41,"column":6},"end":{"line":41,"column":60}},"3":{"start":{"line":53,"column":24},"end":{"line":56,"column":2}}},"fnMap":{"0":{"name":"(anonymous_0)","decl":{"start":{"line":21,"column":28},"end":{"line":21,"column":29}},"loc":{"start":{"line":22,"column":2},"end":{"line":50,"column":26}},"line":22},"1":{"name":"(anonymous_1)","decl":{"start":{"line":40,"column":19},"end":{"line":40,"column":20}},"loc":{"start":{"line":41,"column":6},"end":{"line":41,"column":60}},"line":41}},"branchMap":{},"s":{"0":1,"1":1,"2":0,"3":1},"f":{"0":1,"1":0},"b":{},"_coverageSchema":"43e27e138ebf9cfc5966b082cf9a028302ed4184","hash":"cead1131dd9831519dd4f2806a25a151b42f606b"}
,"/Users/blakeingenthron/Sites/crown-clothing/client/src/pages/collection/collection.component.js": {"path":"/Users/blakeingenthron/Sites/crown-clothing/client/src/pages/collection/collection.component.js","statementMap":{"0":{"start":{"line":14,"column":30},"end":{"line":26,"column":1}},"1":{"start":{"line":15,"column":27},"end":{"line":15,"column":37}},"2":{"start":{"line":16,"column":2},"end":{"line":25,"column":4}},"3":{"start":{"line":21,"column":10},"end":{"line":21,"column":54}},"4":{"start":{"line":28,"column":24},"end":{"line":30,"column":2}},"5":{"start":{"line":28,"column":46},"end":{"line":30,"column":1}}},"fnMap":{"0":{"name":"(anonymous_0)","decl":{"start":{"line":14,"column":30},"end":{"line":14,"column":31}},"loc":{"start":{"line":14,"column":50},"end":{"line":26,"column":1}},"line":14},"1":{"name":"(anonymous_1)","decl":{"start":{"line":20,"column":19},"end":{"line":20,"column":20}},"loc":{"start":{"line":21,"column":10},"end":{"line":21,"column":54}},"line":21},"2":{"name":"(anonymous_2)","decl":{"start":{"line":28,"column":24},"end":{"line":28,"column":25}},"loc":{"start":{"line":28,"column":46},"end":{"line":30,"column":1}},"line":28}},"branchMap":{},"s":{"0":1,"1":2,"2":2,"3":6,"4":1,"5":0},"f":{"0":2,"1":6,"2":0},"b":{},"_coverageSchema":"43e27e138ebf9cfc5966b082cf9a028302ed4184","hash":"6255a18930633acd80a26ad16b19c728ab1306bf"}
,"/Users/blakeingenthron/Sites/crown-clothing/client/src/pages/collection/collection.styles.js": {"path":"/Users/blakeingenthron/Sites/crown-clothing/client/src/pages/collection/collection.styles.js","statementMap":{"0":{"start":{"line":3,"column":39},"end":{"line":7,"column":1}},"1":{"start":{"line":9,"column":31},"end":{"line":12,"column":1}},"2":{"start":{"line":14,"column":40},"end":{"line":25,"column":1}},"3":{"start":{"line":27,"column":0},"end":{"line":27,"column":66}}},"fnMap":{},"branchMap":{},"s":{"0":1,"1":1,"2":1,"3":1},"f":{},"b":{},"_coverageSchema":"43e27e138ebf9cfc5966b082cf9a028302ed4184","hash":"b7fe6942c50e083d05d28ce03f8d9bd26eeb2d75"}
,"/Users/blakeingenthron/Sites/crown-clothing/client/src/pages/shop/shop.component.js": {"path":"/Users/blakeingenthron/Sites/crown-clothing/client/src/pages/shop/shop.component.js","statementMap":{"0":{"start":{"line":11,"column":37},"end":{"line":13,"column":1}},"1":{"start":{"line":12,"column":2},"end":{"line":12,"column":80}},"2":{"start":{"line":15,"column":32},"end":{"line":17,"column":1}},"3":{"start":{"line":16,"column":2},"end":{"line":16,"column":46}},"4":{"start":{"line":19,"column":24},"end":{"line":39,"column":1}},"5":{"start":{"line":20,"column":2},"end":{"line":22,"column":30}},"6":{"start":{"line":21,"column":4},"end":{"line":21,"column":28}},"7":{"start":{"line":24,"column":2},"end":{"line":38,"column":4}},"8":{"start":{"line":41,"column":27},"end":{"line":43,"column":2}},"9":{"start":{"line":41,"column":40},"end":{"line":43,"column":1}},"10":{"start":{"line":42,"column":31},"end":{"line":42,"column":64}}},"fnMap":{"0":{"name":"(anonymous_0)","decl":{"start":{"line":11,"column":42},"end":{"line":11,"column":43}},"loc":{"start":{"line":12,"column":2},"end":{"line":12,"column":80}},"line":12},"1":{"name":"(anonymous_1)","decl":{"start":{"line":15,"column":37},"end":{"line":15,"column":38}},"loc":{"start":{"line":16,"column":2},"end":{"line":16,"column":46}},"line":16},"2":{"name":"(anonymous_2)","decl":{"start":{"line":19,"column":24},"end":{"line":19,"column":25}},"loc":{"start":{"line":19,"column":62},"end":{"line":39,"column":1}},"line":19},"3":{"name":"(anonymous_3)","decl":{"start":{"line":20,"column":12},"end":{"line":20,"column":13}},"loc":{"start":{"line":20,"column":18},"end":{"line":22,"column":3}},"line":20},"4":{"name":"(anonymous_4)","decl":{"start":{"line":41,"column":27},"end":{"line":41,"column":28}},"loc":{"start":{"line":41,"column":40},"end":{"line":43,"column":1}},"line":41},"5":{"name":"(anonymous_5)","decl":{"start":{"line":42,"column":25},"end":{"line":42,"column":26}},"loc":{"start":{"line":42,"column":31},"end":{"line":42,"column":64}},"line":42}},"branchMap":{},"s":{"0":1,"1":1,"2":1,"3":0,"4":1,"5":2,"6":2,"7":2,"8":1,"9":0,"10":0},"f":{"0":1,"1":0,"2":2,"3":2,"4":0,"5":0},"b":{},"_coverageSchema":"43e27e138ebf9cfc5966b082cf9a028302ed4184","hash":"ad66d361a95fd20297fa071d67332a329ae9a7ee"}
,"/Users/blakeingenthron/Sites/crown-clothing/client/src/redux/saga-testing.utils.js": {"path":"/Users/blakeingenthron/Sites/crown-clothing/client/src/redux/saga-testing.utils.js","statementMap":{"0":{"start":{"line":4,"column":21},"end":{"line":4,"column":23}},"1":{"start":{"line":6,"column":2},"end":{"line":12,"column":9}},"2":{"start":{"line":8,"column":26},"end":{"line":8,"column":49}},"3":{"start":{"line":14,"column":2},"end":{"line":14,"column":20}}},"fnMap":{"0":{"name":"recordSaga","decl":{"start":{"line":3,"column":22},"end":{"line":3,"column":32}},"loc":{"start":{"line":3,"column":54},"end":{"line":15,"column":1}},"line":3},"1":{"name":"(anonymous_1)","decl":{"start":{"line":8,"column":16},"end":{"line":8,"column":17}},"loc":{"start":{"line":8,"column":26},"end":{"line":8,"column":49}},"line":8}},"branchMap":{},"s":{"0":0,"1":0,"2":0,"3":0},"f":{"0":0,"1":0},"b":{},"hash":"81e64308dd0742db90f48453b04fe80000cd09d7"}
,"/Users/blakeingenthron/Sites/crown-clothing/client/src/redux/directory/directory.reducer.js": {"path":"/Users/blakeingenthron/Sites/crown-clothing/client/src/redux/directory/directory.reducer.js","statementMap":{"0":{"start":{"line":1,"column":29},"end":{"line":36,"column":1}},"1":{"start":{"line":38,"column":25},"end":{"line":43,"column":1}},"2":{"start":{"line":39,"column":2},"end":{"line":42,"column":3}},"3":{"start":{"line":41,"column":6},"end":{"line":41,"column":19}}},"fnMap":{"0":{"name":"(anonymous_0)","decl":{"start":{"line":38,"column":25},"end":{"line":38,"column":26}},"loc":{"start":{"line":38,"column":60},"end":{"line":43,"column":1}},"line":38}},"branchMap":{"0":{"loc":{"start":{"line":38,"column":26},"end":{"line":38,"column":47}},"type":"default-arg","locations":[{"start":{"line":38,"column":34},"end":{"line":38,"column":47}}],"line":38},"1":{"loc":{"start":{"line":39,"column":2},"end":{"line":42,"column":3}},"type":"switch","locations":[{"start":{"line":40,"column":4},"end":{"line":41,"column":19}}],"line":39}},"s":{"0":1,"1":1,"2":1,"3":1},"f":{"0":1},"b":{"0":[1],"1":[1]},"_coverageSchema":"43e27e138ebf9cfc5966b082cf9a028302ed4184","hash":"f1c456dc1faed7e0a420a3207a84a45452cf1bed"}
}
